<?xml version="1.0" encoding="UTF-8"?>
<!-- Generated by org.testng.reporters.JUnitReportReporter -->
<testsuite hostname="192.168.1.12" name="com.paxovision.conceptual.SeleniumDataProvider" tests="2" failures="0" timestamp="24 Aug 2016 02:40:03 GMT" time="304.813" errors="0">
  <testcase name="search_addToItem_Test" time="182.374" classname="com.paxovision.conceptual.SeleniumDataProvider"/>
  <testcase name="search_addToItem_Test" time="122.439" classname="com.paxovision.conceptual.SeleniumDataProvider"/>
</testsuite> <!-- com.paxovision.conceptual.SeleniumDataProvider -->
